<?xml version="1.0" encoding="UTF-8"?>
<test-config>
	<managed-classes>
		<app class="js.test.web.fixture.MockApp" interface="js.servlet.App" />
		<controller class="js.test.web.fixture.MockControllerImpl" interface="js.test.web.fixture.MockController" type="PROXY" scope="APPLICATION" />
		<page-flow class="js.test.web.fixture.PageFlowImpl" interface="js.test.web.fixture.PageFlow" type="PROXY" scope="APPLICATION" />
	</managed-classes>
	<views>
		<repository path="D:\docs\workspaces\bb\js-lib\core\server\test\js\test\web" files-pattern="*.html" />
	</views>
</test-config>
